0 info it worked if it ends with ok
1 verbose cli [ 'C:\\Program Files\\nodejs\\node.exe',
1 verbose cli   'C:\\Users\\Lokra\\AppData\\Roaming\\npm\\node_modules\\npm\\bin\\npm-cli.js',
1 verbose cli   'install',
1 verbose cli   '--save-dev',
1 verbose cli   '@angular/cli@latest' ]
2 info using npm@3.10.10
3 info using node@v8.7.0
4 silly loadCurrentTree Starting
5 silly install loadCurrentTree
6 silly install readLocalPackageData
7 silly fetchPackageMetaData @angular/cli@latest
8 silly fetchNamedPackageData @angular/cli
9 silly mapToRegistry name @angular/cli
10 silly mapToRegistry scope (from package name) @angular
11 verbose mapToRegistry no registry URL found in name for scope @angular
12 silly mapToRegistry using default registry
13 silly mapToRegistry registry https://registry.npmjs.org/
14 silly mapToRegistry data Result {
14 silly mapToRegistry   raw: '@angular/cli',
14 silly mapToRegistry   scope: '@angular',
14 silly mapToRegistry   escapedName: '@angular%2fcli',
14 silly mapToRegistry   name: '@angular/cli',
14 silly mapToRegistry   rawSpec: '',
14 silly mapToRegistry   spec: 'latest',
14 silly mapToRegistry   type: 'tag' }
15 silly mapToRegistry uri https://registry.npmjs.org/@angular%2fcli
16 verbose request uri https://registry.npmjs.org/@angular%2fcli
17 verbose request no auth needed
18 info attempt registry request try #1 at 11:07:47
19 verbose request id 3b31f32809da2c00
20 http request GET https://registry.npmjs.org/@angular%2fcli
21 info retry will retry, error on last attempt: Error: unable to get local issuer certificate
22 info attempt registry request try #2 at 11:07:57
23 http request GET https://registry.npmjs.org/@angular%2fcli
24 info retry will retry, error on last attempt: Error: unable to get local issuer certificate
25 info attempt registry request try #3 at 11:08:57
26 http request GET https://registry.npmjs.org/@angular%2fcli
27 silly fetchPackageMetaData Error: unable to get local issuer certificate
27 silly fetchPackageMetaData     at TLSSocket.<anonymous> (_tls_wrap.js:1104:38)
27 silly fetchPackageMetaData     at emitNone (events.js:105:13)
27 silly fetchPackageMetaData     at TLSSocket.emit (events.js:207:7)
27 silly fetchPackageMetaData     at TLSSocket._finishInit (_tls_wrap.js:638:8)
27 silly fetchPackageMetaData     at TLSWrap.ssl.onhandshakedone (_tls_wrap.js:468:38)
27 silly fetchPackageMetaData  error for @angular/cli@latest { Error: unable to get local issuer certificate
27 silly fetchPackageMetaData     at TLSSocket.<anonymous> (_tls_wrap.js:1104:38)
27 silly fetchPackageMetaData     at emitNone (events.js:105:13)
27 silly fetchPackageMetaData     at TLSSocket.emit (events.js:207:7)
27 silly fetchPackageMetaData     at TLSSocket._finishInit (_tls_wrap.js:638:8)
27 silly fetchPackageMetaData     at TLSWrap.ssl.onhandshakedone (_tls_wrap.js:468:38) code: 'UNABLE_TO_GET_ISSUER_CERT_LOCALLY' }
28 silly rollbackFailedOptional Starting
29 silly rollbackFailedOptional Finishing
30 silly runTopLevelLifecycles Finishing
31 silly install printInstalled
32 verbose stack Error: unable to get local issuer certificate
32 verbose stack     at TLSSocket.<anonymous> (_tls_wrap.js:1104:38)
32 verbose stack     at emitNone (events.js:105:13)
32 verbose stack     at TLSSocket.emit (events.js:207:7)
32 verbose stack     at TLSSocket._finishInit (_tls_wrap.js:638:8)
32 verbose stack     at TLSWrap.ssl.onhandshakedone (_tls_wrap.js:468:38)
33 verbose cwd C:\Users\Lokra\blur-admin
34 error Windows_NT 10.0.15063
35 error argv "C:\\Program Files\\nodejs\\node.exe" "C:\\Users\\Lokra\\AppData\\Roaming\\npm\\node_modules\\npm\\bin\\npm-cli.js" "install" "--save-dev" "@angular/cli@latest"
36 error node v8.7.0
37 error npm  v3.10.10
38 error code UNABLE_TO_GET_ISSUER_CERT_LOCALLY
39 error unable to get local issuer certificate
40 error If you need help, you may report this error at:
40 error     <https://github.com/npm/npm/issues>
41 verbose exit [ 1, true ]
